Activating service name='org.gnome.GConf'
Successfully activated service 'org.gnome.GConf'
Reloaded configuration
Reloaded configuration
Reloaded configuration
Reloaded configuration
Reloaded configuration
Reloaded configuration
Reloaded configuration
Reloaded configuration
Reloaded configuration
Reloaded configuration
Reloaded configuration
Reloaded configuration
Reloaded configuration
Reloaded configuration
Reloaded configuration
Reloaded configuration
Reloaded configuration
Reloaded configuration
Reloaded configuration
Reloaded configuration
Reloaded configuration
Reloaded configuration
Reloaded configuration
Reloaded configuration
Reloaded configuration
Reloaded configuration
Reloaded configuration
Reloaded configuration
Reloaded configuration
Reloaded configuration
Reloaded configuration
Reloaded configuration
Reloaded configuration
Reloaded configuration
Reloaded configuration
Reloaded configuration
Reloaded configuration
Reloaded configuration
Reloaded configuration
Reloaded configuration
Reloaded configuration
Reloaded configuration
Reloaded configuration
Reloaded configuration
Activating service name='org.gnome.keyring.SystemPrompter'
Successfully activated service 'org.gnome.keyring.SystemPrompter'
Activating service name='org.gnome.keyring.SystemPrompter'
Successfully activated service 'org.gnome.keyring.SystemPrompter'
Activating service name='org.gnome.keyring.SystemPrompter'
Successfully activated service 'org.gnome.keyring.SystemPrompter'
Activating service name='org.freedesktop.thumbnails.Thumbnailer1'
Successfully activated service 'org.freedesktop.thumbnails.Thumbnailer1'
Activating service name='org.freedesktop.Notifications'
Successfully activated service 'org.freedesktop.Notifications'
